<?xml version="1.0" encoding="UTF-8"?>
<testng-results ignored="0" total="2" passed="2" failed="0" skipped="0">
  <reporter-output>
  </reporter-output>
  <suite started-at="2022-01-28T18:27:02 IST" name="Suite" finished-at="2022-01-28T18:27:21 IST" duration-ms="18821">
    <groups>
    </groups>
    <test started-at="2022-01-28T18:27:02 IST" name="Test" finished-at="2022-01-28T18:27:21 IST" duration-ms="18821">
      <class name="jenkins.MyProject">
        <test-method is-config="true" signature="openbrowser()[pri:0, instance:jenkins.MyProject@50b472aa]" started-at="2022-01-28T18:26:59 IST" name="openbrowser" finished-at="2022-01-28T18:27:02 IST" duration-ms="2943" status="PASS">
          <reporter-output>
          </reporter-output>
        </test-method> <!-- openbrowser -->
        <test-method is-config="true" signature="openurl()[pri:0, instance:jenkins.MyProject@50b472aa]" started-at="2022-01-28T18:27:02 IST" name="openurl" finished-at="2022-01-28T18:27:07 IST" duration-ms="4542" status="PASS">
          <reporter-output>
          </reporter-output>
        </test-method> <!-- openurl -->
        <test-method is-config="true" signature="windowmaximize()[pri:0, instance:jenkins.MyProject@50b472aa]" started-at="2022-01-28T18:27:07 IST" name="windowmaximize" finished-at="2022-01-28T18:27:09 IST" duration-ms="2134" status="PASS">
          <reporter-output>
          </reporter-output>
        </test-method> <!-- windowmaximize -->
        <test-method is-config="true" signature="deletecookies()[pri:0, instance:jenkins.MyProject@50b472aa]" started-at="2022-01-28T18:27:09 IST" name="deletecookies" finished-at="2022-01-28T18:27:09 IST" duration-ms="47" status="PASS">
          <reporter-output>
          </reporter-output>
        </test-method> <!-- deletecookies -->
        <test-method signature="logintest()[pri:0, instance:jenkins.MyProject@50b472aa]" started-at="2022-01-28T18:27:09 IST" name="logintest" finished-at="2022-01-28T18:27:14 IST" duration-ms="4510" status="PASS">
          <reporter-output>
          </reporter-output>
        </test-method> <!-- logintest -->
        <test-method is-config="true" signature="screenshot()[pri:0, instance:jenkins.MyProject@50b472aa]" started-at="2022-01-28T18:27:14 IST" name="screenshot" finished-at="2022-01-28T18:27:14 IST" duration-ms="662" status="PASS">
          <reporter-output>
          </reporter-output>
        </test-method> <!-- screenshot -->
        <test-method is-config="true" signature="deletecookies()[pri:0, instance:jenkins.MyProject@50b472aa]" started-at="2022-01-28T18:27:14 IST" name="deletecookies" finished-at="2022-01-28T18:27:14 IST" duration-ms="16" status="PASS">
          <reporter-output>
          </reporter-output>
        </test-method> <!-- deletecookies -->
        <test-method signature="logouttest()[pri:0, instance:jenkins.MyProject@50b472aa]" started-at="2022-01-28T18:27:14 IST" name="logouttest" finished-at="2022-01-28T18:27:20 IST" depends-on-methods="jenkins.MyProject.logintest" duration-ms="5978" status="PASS">
          <reporter-output>
          </reporter-output>
        </test-method> <!-- logouttest -->
        <test-method is-config="true" signature="screenshot()[pri:0, instance:jenkins.MyProject@50b472aa]" started-at="2022-01-28T18:27:20 IST" name="screenshot" finished-at="2022-01-28T18:27:21 IST" duration-ms="638" status="PASS">
          <reporter-output>
          </reporter-output>
        </test-method> <!-- screenshot -->
        <test-method is-config="true" signature="closedbconnection()[pri:0, instance:jenkins.MyProject@50b472aa]" started-at="2022-01-28T18:27:21 IST" name="closedbconnection" finished-at="2022-01-28T18:27:21 IST" duration-ms="251" status="PASS">
          <reporter-output>
          </reporter-output>
        </test-method> <!-- closedbconnection -->
        <test-method is-config="true" signature="deleteallcookies()[pri:0, instance:jenkins.MyProject@50b472aa]" started-at="2022-01-28T18:27:21 IST" name="deleteallcookies" finished-at="2022-01-28T18:27:21 IST" duration-ms="0" status="PASS">
          <reporter-output>
          </reporter-output>
        </test-method> <!-- deleteallcookies -->
        <test-method is-config="true" signature="closebrowser()[pri:0, instance:jenkins.MyProject@50b472aa]" started-at="2022-01-28T18:27:21 IST" name="closebrowser" finished-at="2022-01-28T18:27:21 IST" duration-ms="97" status="PASS">
          <reporter-output>
          </reporter-output>
        </test-method> <!-- closebrowser -->
      </class> <!-- jenkins.MyProject -->
    </test> <!-- Test -->
  </suite> <!-- Suite -->
</testng-results>
